[adminlte.io/docs/2.4/installation.html]
[adminlte.io/img/favicon7839.png]
[backblue.gif]
[fade.gif]
[index.html]
[adminlte.io/img/AdminLTE2.1.png]
[adminlte.io/themes/AdminLTE/bower_components/bootstrap/dist/css/bootstrap.min.css]
[adminlte.io/themes/AdminLTE/dist/css/AdminLTE.min017e.css]
[adminlte.io/themes/AdminLTE/dist/css/skins/_all-skins.min017e.css]
[maxcdn.bootstrapcdn.com/font-awesome/4.7.0/css/font-awesome.min.css]
[adminlte.io/css/docs017e.css]
[cdnjs.cloudflare.com/ajax/libs/ionicons/2.0.1/css/ionicons.min.css]
[www.google-analytics.com/analytics.js]
[adminlte.io/themes/AdminLTE/documentation/index.html]
[adminlte.io/index.html]
[adminlte.io/premium.html]
[adminlte.io/docs/2.4/dependencies.html]
[adminlte.io/docs/2.4/layout.html]
[adminlte.io/docs/2.4/main-header.html]
[adminlte.io/docs/2.4/sidebar.html]
[adminlte.io/docs/2.4/control-sidebar.html]
[adminlte.io/docs/2.4/boxes.html]
[adminlte.io/docs/2.4/info-box.html]
[adminlte.io/docs/2.4/direct-chat.html]
[adminlte.io/docs/2.4/js-layout.html]
[adminlte.io/docs/2.4/js-push-menu.html]
[adminlte.io/docs/2.4/js-tree.html]
[adminlte.io/docs/2.4/js-control-sidebar.html]
[adminlte.io/docs/2.4/js-box-widget.html]
[adminlte.io/docs/2.4/js-box-refresh.html]
[adminlte.io/docs/2.4/js-todo-list.html]
[adminlte.io/docs/2.4/browser-support.html]
[adminlte.io/docs/2.4/upgrade-guide.html]
[adminlte.io/docs/2.4/implementations.html]
[adminlte.io/docs/2.4/faq.html]
[adminlte.io/docs/2.4/license.html]
[adminlte.io/adminlte-docs/{v}/dependencies]
[adminlte.io/uploads/images/frontpage/kero-html-pro-screenshot.jpg]
[adminlte.io/themes/AdminLTE/bower_components/jquery/dist/jquery.min.js]
[adminlte.io/themes/AdminLTE/bower_components/bootstrap/dist/js/bootstrap.min.js]
[adminlte.io/themes/AdminLTE/dist/js/adminlte.min.js]
[adminlte.io/docs/2.4/installation.html]
[adminlte.io/js/docs.js]
[adminlte.io/themes/AdminLTE/bower_components/bootstrap/dist/fonts/glyphicons-halflings-regular.eot]
[adminlte.io/themes/AdminLTE/bower_components/bootstrap/dist/fonts/glyphicons-halflings-regulard41d.eot]
[adminlte.io/themes/AdminLTE/bower_components/bootstrap/dist/fonts/glyphicons-halflings-regular.woff2]
[adminlte.io/themes/AdminLTE/bower_components/bootstrap/dist/fonts/glyphicons-halflings-regular.woff]
[adminlte.io/themes/AdminLTE/bower_components/bootstrap/dist/fonts/glyphicons-halflings-regular.ttf]
[adminlte.io/themes/AdminLTE/bower_components/bootstrap/dist/css/bootstrap.min.css]
[adminlte.io/themes/AdminLTE/dist/css/AdminLTE.min017e.css]
[adminlte.io/themes/AdminLTE/dist/css/skins/_all-skins.min017e.css]
[adminlte.io/css/docs017e.css]
[maxcdn.bootstrapcdn.com/font-awesome/4.7.0/css/font-awesome.min.css]
[cdnjs.cloudflare.com/ajax/libs/ionicons/2.0.1/css/ionicons.min.css]
[adminlte.io/themes/AdminLTE/bower_components/bootstrap/dist/fonts/glyphicons-halflings-regular.svg]
[adminlte.io/img/AdminLTE2.15e1f.png]
[adminlte.io/css/themee67d.css]
[adminlte.io/blog.html]
[adminlte.io/themes/AdminLTE/index2.html]
[adminlte.io/uploads/images/frontpage/architectui-html-screenshot.jpg]
[adminlte.io/uploads/images/frontpage/architectui-vue-pro-screenshot.jpg]
[adminlte.io/blog/free-admin-panels.html]
[adminlte.io/uploads/images/free-admin-panel-templates.jpg]
[adminlte.io/blog/bootstrap-admin-panels.html]
[adminlte.io/uploads/images/bootstrap-admin-panels.jpg]
[adminlte.io/blog/react-bootstrap-templates.html]
[adminlte.io/uploads/images/react-ui-frameworks.png]
[adminlte.io/img/profile_pic.jpg]
[adminlte.io/about.html]
[adminlte.io/privacy.html]
[cdnjs.cloudflare.com/ajax/libs/jquery/2.1.3/jquery.min.js]
[cdnjs.cloudflare.com/ajax/libs/twitter-bootstrap/3.3.1/js/bootstrap.min.js]
[connect.facebook.net/en_US/sdk.js]
[adminlte.io/index.html]
[adminlte.io/js/app.js]
[adminlte.io/themes/AdminLTE/bower_components/font-awesome/css/font-awesome.min.css]
[adminlte.io/themes/AdminLTE/bower_components/Ionicons/css/ionicons.min.css]
[adminlte.io/themes/AdminLTE/dist/css/AdminLTE.min.css]
[adminlte.io/themes/AdminLTE/dist/css/skins/_all-skins.min.css]
[adminlte.io/themes/AdminLTE/documentation/style.css]
[adminlte.io/themes/AdminLTE/starter.html]
[adminlte.io/themes/AdminLTE/documentation/index2.html]
[adminlte.io/themes/AdminLTE/dist/img/user2-160x160.jpg]
[adminlte.io/themes/index2.html]
[adminlte.io/themes/AdminLTE/dist/img/user1-128x128.jpg]
[adminlte.io/themes/AdminLTE/dist/img/user3-128x128.jpg]
[adminlte.io/themes/AdminLTE/plugins/fastclick/fastclick.min.js]
[adminlte.io/themes/AdminLTE/bower_components/jquery-slimscroll/jquery.slimscroll.min.js]
[adminlte.io/themes/AdminLTE/documentation/index.html]
[adminlte.io/themes/AdminLTE/documentation/docs.js]
[adminlte.io/uploads/images/free_templates/now_ui_kit.jpg]
[adminlte.io/uploads/images/material_design_pro_dashboard.jpg]
[adminlte.io/uploads/images/themequarry/datta-able.png]
[adminlte.io/uploads/images/themequarry/appzia.png]
[themequarry.com/storage/images/approved/ASFEDAA8_v1.2.0_595b0b787d2e5.png]
[adminlte.io/premium.html]
[adminlte.io/docs/2.4/dependencies.html]
[adminlte.io/docs/2.4/layout.html]
[adminlte.io/docs/2.4/main-header.html]
[adminlte.io/docs/2.4/sidebar.html]
[adminlte.io/docs/2.4/control-sidebar.html]
[adminlte.io/docs/2.4/boxes.html]
[adminlte.io/docs/2.4/info-box.html]
[adminlte.io/docs/2.4/direct-chat.html]
[adminlte.io/docs/2.4/js-layout.html]
[adminlte.io/docs/2.4/js-push-menu.html]
[adminlte.io/docs/2.4/js-tree.html]
[adminlte.io/docs/2.4/js-control-sidebar.html]
[adminlte.io/docs/2.4/js-box-widget.html]
[adminlte.io/docs/2.4/js-box-refresh.html]
[adminlte.io/docs/2.4/js-todo-list.html]
[adminlte.io/docs/2.4/browser-support.html]
[adminlte.io/docs/2.4/upgrade-guide.html]
[adminlte.io/docs/2.4/implementations.html]
[adminlte.io/docs/2.4/faq.html]
[adminlte.io/docs/2.4/license.html]
[adminlte.io/adminlte-docs/{v}/dependencies.html]
[adminlte.io/themes/AdminLTE/bower_components/bootstrap/dist/fonts/glyphicons-halflings-regular.svg]
[adminlte.io/fonts/glyphicons-halflings-regular.eot]
[adminlte.io/fonts/glyphicons-halflings-regulard41d.eot]
[adminlte.io/fonts/glyphicons-halflings-regular.woff]
[adminlte.io/fonts/glyphicons-halflings-regular.ttf]
[adminlte.io/fonts/glyphicons-halflings-regular.svg]
[adminlte.io/img/bg.jpg]
[adminlte.io/css/themee67d.css]
[adminlte.io/blog/basic-html-templates.html]
[adminlte.io/uploads/images/basic-html-templates.jpg]
[adminlte.io/blog/react-ui-frameworks.html]
[adminlte.io/blog4658.html]
[adminlte.io/blog9ba9.html]
[adminlte.io/blog/10-Free-Responsive-Bootstrap-Templates-For-2016.html]
[adminlte.io/blog/integrate-adminlte-with-laravel.html]
[adminlte.io/blog/category/General.html]
[adminlte.io/blog.html]
[adminlte.io/blog/category/Freebies.html]
[adminlte.io/themes/AdminLTE/bower_components/jvectormap/jquery-jvectormap.css]
[adminlte.io/themes/AdminLTE/dist/img/user4-128x128.jpg]
[adminlte.io/themes/AdminLTE/index.html]
[adminlte.io/themes/AdminLTE/pages/layout/top-nav.html]
[adminlte.io/themes/AdminLTE/pages/layout/boxed.html]
[adminlte.io/themes/AdminLTE/pages/layout/fixed.html]
[adminlte.io/themes/AdminLTE/pages/layout/collapsed-sidebar.html]
[adminlte.io/themes/AdminLTE/pages/widgets.html]
[adminlte.io/themes/AdminLTE/pages/charts/chartjs.html]
[adminlte.io/themes/AdminLTE/pages/charts/morris.html]
[adminlte.io/themes/AdminLTE/pages/charts/flot.html]
[adminlte.io/themes/AdminLTE/pages/charts/inline.html]
[adminlte.io/themes/AdminLTE/pages/UI/general.html]
[adminlte.io/themes/AdminLTE/pages/UI/icons.html]
[adminlte.io/themes/AdminLTE/pages/UI/buttons.html]
[adminlte.io/themes/AdminLTE/pages/UI/sliders.html]
[adminlte.io/themes/AdminLTE/pages/UI/timeline.html]
[adminlte.io/themes/AdminLTE/pages/UI/modals.html]
[adminlte.io/themes/AdminLTE/pages/forms/general.html]
[adminlte.io/themes/AdminLTE/pages/forms/advanced.html]
[adminlte.io/themes/AdminLTE/pages/forms/editors.html]
[adminlte.io/themes/AdminLTE/pages/tables/simple.html]
[adminlte.io/themes/AdminLTE/pages/tables/data.html]
[adminlte.io/themes/AdminLTE/pages/calendar.html]
[adminlte.io/themes/AdminLTE/pages/mailbox/mailbox.html]
[adminlte.io/themes/AdminLTE/pages/examples/invoice.html]
[adminlte.io/themes/AdminLTE/pages/examples/profile.html]
[adminlte.io/themes/AdminLTE/pages/examples/login.html]
[adminlte.io/themes/AdminLTE/pages/examples/register.html]
[adminlte.io/themes/AdminLTE/pages/examples/lockscreen.html]
[adminlte.io/themes/AdminLTE/pages/examples/404.html]
[adminlte.io/themes/AdminLTE/pages/examples/500.html]
[adminlte.io/themes/AdminLTE/pages/examples/blank.html]
[adminlte.io/themes/AdminLTE/pages/examples/pace.html]
[adminlte.io/themes/AdminLTE/dist/img/user7-128x128.jpg]
[adminlte.io/themes/AdminLTE/dist/img/user5-128x128.jpg]
[adminlte.io/themes/AdminLTE/dist/img/user6-128x128.jpg]
[adminlte.io/themes/AdminLTE/dist/img/user8-128x128.jpg]
[adminlte.io/themes/AdminLTE/dist/img/default-50x50.gif]
[adminlte.io/themes/AdminLTE/bower_components/fastclick/lib/fastclick.js]
[adminlte.io/themes/AdminLTE/bower_components/jquery-sparkline/dist/jquery.sparkline.min.js]
[adminlte.io/themes/AdminLTE/plugins/jvectormap/jquery-jvectormap-1.2.2.min.js]
[adminlte.io/themes/AdminLTE/plugins/jvectormap/jquery-jvectormap-world-mill-en.js]
[adminlte.io/themes/AdminLTE/bower_components/chart.js/Chart.js]
[adminlte.io/themes/AdminLTE/dist/js/pages/dashboard2.js]
[adminlte.io/themes/AdminLTE/index2.html]
[adminlte.io/themes/AdminLTE/dist/js/demo.js]
[adminlte.io/bower_components/rrssb/css/rrssb.css]
[adminlte.io/uploads/images/blog/05/027-Gentelella-Alela-colorlib.com_.png]
[colorawesome.com/wp-content/uploads/2019/05/nalika.png]
[adminlte.io/uploads/images/blog/05/025-srtdash-ICO-Dashboard-colorlib.com_.png]
[adminlte.io/uploads/images/blog/05/028-Material-Dashboard-Lite-creativeit.io_.png]
[adminlte.io/uploads/images/blog/05/029-Matrix-Template-The-Ultimate-Multipurpose-admin-template-wrappixel.com_.png]
[adminlte.io/uploads/images/blog/05/030-Startmin-Bootstrap-Admin-Theme-secondtruth.github.io_.png]
[adminlte.io/uploads/images/blog/05/031-My-Admin-is-a-responsive-admin-template-wrappixel.com_.png]
[adminlte.io/uploads/images/blog/05/032-Monster-Admin-Template-The-Most-Complete-Trusted-Bootstrap-4-Admi_-wrappixel.com_.png]
[adminlte.io/uploads/images/blog/05/036-Visitors-an-Admin-Panel-Category-Bootstrap-Responsive-Website-Templat_-demo.w3layouts.com_.png]
[adminlte.io/uploads/images/blog/05/037-Adminpage-Responsive-Bootstrap-Admin-Template-Dashboard-thememinister.com_.png]
[adminlte.io/uploads/images/blog/05/058-A2-admin-Angular-7-Material-Design-Admin-Template-a2.next-item.com_.png]
[adminlte.io/uploads/images/blog/05/049-Turbo-Bootstrap-Material-Admin-Dashboard-Template-www.urbanui.com_.png]
[adminlte.io/uploads/images/blog/05/050-Victory-Admin-www.urbanui.com_.png]
[adminlte.io/uploads/images/blog/05/051-Mantos-Admin-html.designstream.co_.in_.png]
[adminlte.io/uploads/images/blog/05/052-App-assist-admin-dashboard-app-assist.next-item.com_.png]
[adminlte.io/uploads/images/blog/05/054-Wunder-Bootstrap-Material-Admin-Dashboard-Template-www.urbanui.com_.png]
[adminlte.io/uploads/images/blog/05/055-AxilBoard-Bootstrap-4-Admin-Template-codepassenger.com_.png]
[adminlte.io/uploads/images/blog/05/056-Salt-Admin-www.urbanui.com_.png]
[adminlte.io/uploads/images/blog/05/057-Maple-Admin-is-a-responsive-bootstrap-admin-template-wrappixel.com_.png]
[adminlte.io/js/run_prettify.js]
[adminlte.io/blog/free-admin-panels.html]
[adminlte.io/bower_components/rrssb/js/rrssb.min.js]
[adminlte.io/uploads/images/blog/05/095-ArchitectUI-ReactJS-Bootstrap-4-Admin-UI-Dashboard-Template_-react.architectui.com_.png]
[adminlte.io/uploads/images/blog/05/059-Dashboard-E-commerce-jituchauhan.com_.png]
[adminlte.io/uploads/images/blog/05/060-Hogo-–-Creative-Admin-Multipurpose-Responsive-Bootstrap4-Dashboard-HT_-www.spruko.com_.png]
[adminlte.io/uploads/images/blog/05/060-Hogo-–-Creative-Admin-Multipurpose-Responsive-Bootstrap4-Dashboard-HT_-www.spruko.com_-1-1024x827.png]
[adminlte.io/uploads/images/blog/05/062-Its-Brain-premium-responsive-admin-template-by-Eugene-Kopyov_-demo.interface.club_-1024x830.png]
[adminlte.io/uploads/images/blog/05/063-hightop-Dashboard-andrewreifman.com_.png]
[adminlte.io/uploads/images/blog/05/064-Webstrot-Admin-_-Creative-Admin-Dashboard-www.webstrot.com_.png]
[adminlte.io/uploads/images/blog/05/065-Dashboard-Basik-Bootstrap-4-Web-Application-flatfull.com_.png]
[colorawesome.com/wp-content/uploads/2019/05/londinium-1024x830.png]
[adminlte.io/uploads/images/blog/05/068-AdminX-adminex.themebucket.net_-1024x810.png]
[adminlte.io/uploads/images/blog/05/069-Elite-Admin-Template-The-Ultimate-Multipurpose-admin-template_-eliteadmin.themedesigner.in_-1024x833.png]
[adminlte.io/uploads/images/blog/05/070-Dashboard-Target-Admin-jumpstartthemespreview.com_-1024x832.png]
[colorawesome.com/wp-content/uploads/2019/05/piluku-html5-responsive-theme-slider1.jpg]
[adminlte.io/uploads/images/blog/05/072-Paper-xvelopers.com_.png]
[adminlte.io/uploads/images/blog/05/073-espresso-webapp-themes.creativemilk.net_.png]
[adminlte.io/uploads/images/blog/05/074-__-Aero-Bootstrap4-Admin-__-Home-www.wrraptheme.com_.png]
[adminlte.io/uploads/images/blog/05/079-CloudUi-Premium-Bootstrap-Admin-Dashboard-Template-www.urbanui.com_-1.png]
[adminlte.io/uploads/images/blog/05/076-Dore-jQuery-dore-jquery.coloredstrategies.com_.png]
[adminlte.io/uploads/images/blog/05/077-Virgo-Responsive-Bootstrap3-Admin-Template-aqvatarius.com_.png]
[adminlte.io/uploads/images/blog/05/078-LibertyUI-Premium-Bootstrap-Admin-Dashboard-Template-www.urbanui.com_.png]
[adminlte.io/uploads/images/blog/05/075-Dashboard-Remark-Admin-Template-getbootstrapadmin.com_-1.png]
[adminlte.io/blog/bootstrap-admin-panels.html]
[adminlte.io/uploads/images/blog/05/083-Ecommerce-Dashboard-reactify.theironnetwork.org_.png]
[colorawesome.com/wp-content/uploads/2019/05/02_screenshot-1024x520.jpg]
[adminlte.io/uploads/images/blog/05/080-Apex-React-Redux-Bootstrap-4-Admin-Dashboard-Template-pixinvent.com_.png]
[adminlte.io/uploads/images/blog/05/082-Jumbo-React-Admin-Dashboard-jumbo-react.g-axon.work_.png]
[colorawesome.com/wp-content/uploads/2019/05/02_dark_sidebar-1022x1024.jpg]
[adminlte.io/uploads/images/blog/05/106-Mate-Admin-mate.redq_.io_.png]
[adminlte.io/uploads/images/blog/05/099-BRIDLE-React-Bootstrap-4-Admin-Template-envytheme.com_.png]
[adminlte.io/uploads/images/blog/05/098-Admiria-Responsive-Flat-Admin-Dashboard_-admiria-react-vertical.ourdemo.website.png]
[adminlte.io/uploads/images/blog/05/086-Clean-UI-Dashboard-Alpha-cleanuitemplate.com_-1024x562.png]
[adminlte.io/uploads/images/blog/05/087-EasyDEV-previews.aspirity.com_.png]
[adminlte.io/uploads/images/blog/05/089-Zest_-Multi-Concept-React-Admin-Template-jaybabani.com_.png]
[adminlte.io/uploads/images/blog/05/090-Particles-React-Admin-Template-particles-html.wearecodevision.com_.png]
[adminlte.io/uploads/images/blog/05/092-Eract-ReactJS-Bootstrap-4-Admin-Template-solutionportal.net_.png]
[adminlte.io/uploads/images/blog/05/093-React-App-iarouse.com_.png]
[adminlte.io/uploads/images/blog/05/101-Leaf-redesign-react-material-web-app-d2nh6mbw5gsfac.cloudfront.net_-1.png]
[colorawesome.com/wp-content/uploads/2019/05/WB064S498.png]
[adminlte.io/uploads/images/blog/05/100-Dashcore-Admin-HTML-Template-5studios.net_.png]
[adminlte.io/uploads/images/blog/05/096-Mendy-admin-Template-The-Ultimate-Multipurpose-admin-template-jthemes.org_.png]
[adminlte.io/uploads/images/blog/05/097-React-App-iarouse.com_.png]
[adminlte.io/blog/react-bootstrap-templates.html]
[maxcdn.bootstrapcdn.com/font-awesome/4.4.0/css/font-awesome.min.css]
[adminlte.io/css/theme7e1e.css]
[adminlte.io/img/Profile_pic2.jpg]
[adminlte.io/img/portfolio/adminlte.png]
[adminlte.io/img/portfolio/almsaeed_studio.png]
[adminlte.io/img/portfolio/themequarry.png]
[adminlte.io/js/main.js]
[www.google.com/recaptcha/api.js]
[adminlte.io/about.html]
[adminlte.io/privacy.html]
[connect.facebook.net/en_US/sdk.js]
[adminlte.io/themes/AdminLTE/bower_components/font-awesome/fonts/fontawesome-webfont3e6e.eot]
[adminlte.io/themes/AdminLTE/bower_components/font-awesome/fonts/fontawesome-webfontd41d.eot]
[adminlte.io/themes/AdminLTE/bower_components/font-awesome/fonts/fontawesome-webfont3e6e.woff2]
[adminlte.io/themes/AdminLTE/bower_components/font-awesome/fonts/fontawesome-webfont3e6e.woff]
[adminlte.io/themes/AdminLTE/bower_components/font-awesome/fonts/fontawesome-webfont3e6e.ttf]
[adminlte.io/themes/AdminLTE/bower_components/font-awesome/css/font-awesome.min.css]
[adminlte.io/themes/AdminLTE/bower_components/font-awesome/fonts/fontawesome-webfont3e6e.svg]
[adminlte.io/themes/AdminLTE/bower_components/Ionicons/fonts/ionicons28b5.eot]
[adminlte.io/themes/AdminLTE/bower_components/Ionicons/fonts/ionicons28b5.ttf]
[adminlte.io/themes/AdminLTE/bower_components/Ionicons/fonts/ionicons28b5.woff]
[adminlte.io/themes/AdminLTE/bower_components/Ionicons/css/ionicons.min.css]
[adminlte.io/themes/AdminLTE/dist/css/AdminLTE.min.css]
[adminlte.io/themes/AdminLTE/dist/css/skins/_all-skins.min.css]
[adminlte.io/themes/AdminLTE/documentation/style.css]
[adminlte.io/themes/AdminLTE/bower_components/Ionicons/fonts/ionicons28b5.svg]
[adminlte.io/themes/AdminLTE/starter.html]
[adminlte.io/themes/AdminLTE/documentation/index2.html]
[adminlte.io/themes/index2.html]
[adminlte.io/themes/AdminLTE/plugins/fastclick/fastclick.min.html]
[google-code-prettify.googlecode.com/svn/loader/run_prettify.html]
[adminlte.io/fonts/glyphicons-halflings-regular.svg]
[adminlte.io/themes/AdminLTE/dist/css/skins/skin-blue.min.css]
[adminlte.io/uploads/images/blog/05/103-Stencil-Freelance-Designer-www.osumstudio.com_.png]
[adminlte.io/uploads/images/blog/05/104-Ronby-6-Niche-Multi-Purpose-HTML5-Bootstrap-3-Template-themesquared.com_.png]
[adminlte.io/uploads/images/blog/05/105-Educo-Multipurpose-Responsive-HTML-Template-kamleshyadav.com_.png]
[adminlte.io/uploads/images/blog/05/122-The-Conference-colorlib.com_.png]
[adminlte.io/uploads/images/blog/05/121-ListAshop-colorlib.com_.png]
[adminlte.io/uploads/images/blog/05/107-Home-Gastro-Theme-www.gastrotheme.com_.png]
[adminlte.io/uploads/images/blog/05/108-QUSQ-Unique-HTML-Portfolio-themes.ishyoboy.com_.png]
[adminlte.io/uploads/images/blog/05/109-Eventmanagers-Landing-Page-www.tanshcreative.com_.png]
[adminlte.io/uploads/images/blog/05/110-Start-Classic-Business-Bootstrap-HTML5-Template-www.vertiqalteam.com_.png]
[adminlte.io/uploads/images/blog/05/111-TownPress-Municipality-HTML-Template-demos.lsvr_.sk_.png]
[adminlte.io/uploads/images/blog/05/123-theOrder-Free-Bootstrap-4-Template-by-Colorlib-colorlib.com_.png]
[adminlte.io/uploads/images/blog/05/112-Travel-Agency-Bootstrap-responsive-template-theme-demo.gridgum.com_.png]
[adminlte.io/uploads/images/blog/05/125-Hello-World-colorlib.com_.png]
[adminlte.io/uploads/images/blog/05/126-unapp-Template-colorlib.com_.png]
[adminlte.io/uploads/images/blog/05/113-ARTEM.-–-Digital-Agency-netgon.net_.png]
[adminlte.io/uploads/images/blog/05/114-Baldiyat-Local-Government-Template-kodeforest.net_.png]
[adminlte.io/uploads/images/blog/05/115-Mustache-www.cssigniter.com_.png]
[adminlte.io/uploads/images/blog/05/118-Mozzarella-Home-www.odindesign-themes.com_.png]
[adminlte.io/uploads/images/blog/05/119-Hostrocket-brandio.io_.png]
[adminlte.io/uploads/images/blog/05/120-MAT-www.osumstudio.com_.png]
[adminlte.io/blog/basic-html-templates.html]
[colorawesome.com/wp-content/uploads/2019/05/FireShot-Capture-131-Onsen-UI-2_-Beautiful-HTML5-Hybrid-Mobile-App-Framework-and-Tools-O_-onsen.io_.png]
[colorawesome.com/wp-content/uploads/2019/05/FireShot-Capture-128-Components-·-Evergreen-evergreen.segment.com_.png]
[colorawesome.com/wp-content/uploads/2019/05/FireShot-Capture-129-Introduction-Semantic-UI-React-react.semantic-ui.com_.png]
[colorawesome.com/wp-content/uploads/2019/05/FireShot-Capture-130-React-Toolbox-react-toolbox.io_.png]
[colorawesome.com/wp-content/uploads/2019/05/FireShot-Capture-134-Grommet-v2.grommet.io_.png]
[colorawesome.com/wp-content/uploads/2019/05/FireShot-Capture-135-Blueprint-–-A-React-based-UI-toolkit-for-the-web-blueprintjs.com_.png]
[colorawesome.com/wp-content/uploads/2019/05/FireShot-Capture-151-React-Desktop-React-UI-Components-for-OS-X-El-Capitan-and-Windows-1_-reactdesktop.js_.org_.png]
[colorawesome.com/wp-content/uploads/2019/05/FireShot-Capture-136-Belle-Configurable-React-Components-with-great-UX-nikgraf.github.io_.png]
[colorawesome.com/wp-content/uploads/2019/05/FireShot-Capture-137-Atlaskit-by-Atlassian-atlaskit.atlassian.com_.png]
[colorawesome.com/wp-content/uploads/2019/05/FireShot-Capture-138-Gestalt-CodeSandbox-codesandbox.io_.png]
[colorawesome.com/wp-content/uploads/2019/05/FireShot-Capture-140-Develop-for-the-Web-Material-Design-material.io_.png]
[colorawesome.com/wp-content/uploads/2019/05/FireShot-Capture-141-React-Foundation-·-Foundation-as-React-components-react.foundation.png]
[colorawesome.com/wp-content/uploads/2019/05/FireShot-Capture-142-The-worlds-most-popular-React-UI-framework-Material-UI-material-ui.com_.png]
[colorawesome.com/wp-content/uploads/2019/05/FireShot-Capture-143-React-Components-khan.github.io_.png]
[colorawesome.com/wp-content/uploads/2019/05/FireShot-Capture-144-react-virtualized-bvaughn.github.io_.png]
[colorawesome.com/wp-content/uploads/2019/05/FireShot-Capture-145-Home-Office-UI-Fabric-developer.microsoft.com_.png]
[colorawesome.com/wp-content/uploads/2019/05/FireShot-Capture-146-Rebass-rebassjs.org_.png]
[colorawesome.com/wp-content/uploads/2019/05/FireShot-Capture-147-指南-Element-element.eleme_.io_.png]
[colorawesome.com/wp-content/uploads/2019/05/FireShot-Capture-148-RSUITE-3-React-Suite-一套-React-的-UI-组件库-rsuitejs.com_.png]
[colorawesome.com/wp-content/uploads/2019/05/FireShot-Capture-150-react-md-react-md.mlaursen.com_.png]
[adminlte.io/blog/react-ui-frameworks.html]
[adminlte.io/blog/bootstrap-portfolio-templates.html]
[adminlte.io/uploads/images/portfolio-website-templates.jpg]
[adminlte.io/uploads/images/free_templates/rise.png]
[adminlte.io/blog/free-responsive-templates-for-2017.html]
[adminlte.io/uploads/images/2017-themes/kepler.png]
[adminlte.io/blog/adminlte-v2.html]
[adminlte.io/uploads/images/adminlte/adminlte-2.4-showcase2.png]
[adminlte.io/blog/free-beautiful-bootstrap-4-ui-elements.html]
[adminlte.io/uploads/images/free_templates/now-ui-kit.png]
[adminlte.io/blog4658.html]
[adminlte.io/blog2679.html]
[adminlte.io/blog/themequarry-our-new-marketplace-is-live.html]
[adminlte.io/uploads/images/themequarry_theme_page.png]
[adminlte.io/blog/customizing-and-downsizing-adminlte-to-match-your-businsess.html]
[adminlte.io/uploads/images/adminlte-custom-skin-1-header.png]
[adminlte.io/blog/new-and-free-bootstrap-admin-template-2016.html]
[adminlte.io/uploads/images/gentelella-front.png]
[adminlte.io/blog/features-of-adminlte-2.html]
[adminlte.io/uploads/images/AdminLTE-v2.1-features.png]
[adminlte.io/uploads/images/integrateAdminLTEwithLaravel.png]
[adminlte.io/blog9ba9.html]
[adminlte.io/uploads/images/free_templates/cardio_template.png]
[adminlte.io/uploads/images/free_templates/Cyrus_Studio_template.png]
[adminlte.io/uploads/images/free_templates/Flatfy_template.png]
[adminlte.io/uploads/images/free_templates/solid_template.png]
[adminlte.io/uploads/images/free_templates/Appi_template.png]
[adminlte.io/uploads/images/free_templates/shield_template.png]
[adminlte.io/uploads/images/free_templates/knight_template.png]
[adminlte.io/uploads/images/free_templates/landing_zero.png]
[adminlte.io/uploads/images/free_templates/Senseras_premium.png]
[themequarry.com/storage/images/approved/ASFEDA84_v1.0.0_5808f979de3ca.png]
[adminlte.io/uploads/images/free_templates/Smarty_premium.png]
[adminlte.io/blog/10-Free-Responsive-Bootstrap-Templates-For-2016.html]
[adminlte.io/uploads/images/laravel-welcome-page.png]
[adminlte.io/uploads/images/starterTemplateForLaravel.png]
[adminlte.io/uploads/images/AdminLTETestPage.png]
[adminlte.io/uploads/files/AdminLTE-and-Laravel.zip]
[adminlte.io/blog/integrate-adminlte-with-laravel.html]
[adminlte.io/blog/category/General.html]
[adminlte.io/blog/category/Freebies.html]
[adminlte.io/themes/AdminLTE/bower_components/jvectormap/jquery-jvectormap.css]
[adminlte.io/themes/AdminLTE/bower_components/morris.js/morris.css]
[adminlte.io/themes/AdminLTE/bower_components/bootstrap-datepicker/dist/css/bootstrap-datepicker.min.css]
[adminlte.io/themes/AdminLTE/bower_components/bootstrap-daterangepicker/daterangepicker.css]
[adminlte.io/themes/AdminLTE/plugins/bootstrap-wysihtml5/bootstrap3-wysihtml5.min.css]
[adminlte.io/themes/AdminLTE/bower_components/jquery-ui/jquery-ui.min.js]
[adminlte.io/themes/AdminLTE/bower_components/raphael/raphael.min.js]
[adminlte.io/themes/AdminLTE/bower_components/morris.js/morris.min.js]
[adminlte.io/themes/AdminLTE/bower_components/jquery-knob/dist/jquery.knob.min.js]
[adminlte.io/themes/AdminLTE/bower_components/moment/min/moment.min.js]
[adminlte.io/themes/AdminLTE/bower_components/bootstrap-daterangepicker/daterangepicker.js]
[adminlte.io/themes/AdminLTE/bower_components/bootstrap-datepicker/dist/js/bootstrap-datepicker.min.js]
[adminlte.io/themes/AdminLTE/plugins/bootstrap-wysihtml5/bootstrap3-wysihtml5.all.min.js]
[adminlte.io/themes/AdminLTE/index.html]
[adminlte.io/themes/AdminLTE/pages/layout/top-nav.html]
[adminlte.io/themes/AdminLTE/pages/layout/boxed.html]
[adminlte.io/themes/AdminLTE/pages/layout/fixed.html]
[adminlte.io/themes/AdminLTE/pages/layout/collapsed-sidebar.html]
[adminlte.io/themes/AdminLTE/dist/js/pages/dashboard.js]
[adminlte.io/themes/AdminLTE/dist/img/photo1.png]
[adminlte.io/themes/AdminLTE/dist/img/photo2.png]
[adminlte.io/themes/AdminLTE/pages/widgets.html]
[adminlte.io/themes/AdminLTE/pages/charts/chartjs.html]
[adminlte.io/themes/AdminLTE/pages/charts/morris.html]
[adminlte.io/themes/AdminLTE/bower_components/Flot/jquery.flot.js]
[adminlte.io/themes/AdminLTE/bower_components/Flot/jquery.flot.resize.js]
[adminlte.io/themes/AdminLTE/bower_components/Flot/jquery.flot.pie.js]
[adminlte.io/themes/AdminLTE/pages/charts/flot.html]
[adminlte.io/themes/AdminLTE/bower_components/Flot/jquery.flot.categories.js]
[adminlte.io/themes/AdminLTE/pages/charts/inline.html]
[adminlte.io/themes/AdminLTE/pages/UI/general.html]
[adminlte.io/themes/AdminLTE/pages/UI/icons.html]
[adminlte.io/themes/AdminLTE/pages/UI/buttons.html]
[adminlte.io/themes/AdminLTE/bower_components/jquery-knob/js/jquery.knob.js]
[adminlte.io/themes/AdminLTE/plugins/bootstrap-slider/slider.css]
[adminlte.io/themes/AdminLTE/pages/UI/sliders.html]
[adminlte.io/themes/AdminLTE/pages/UI/timeline.html]
[adminlte.io/themes/AdminLTE/pages/UI/modals.html]
[adminlte.io/themes/AdminLTE/pages/forms/general.html]
[adminlte.io/themes/AdminLTE/plugins/bootstrap-slider/bootstrap-slider.js]
[adminlte.io/themes/AdminLTE/plugins/iCheck/all.css]
[adminlte.io/themes/AdminLTE/bower_components/bootstrap-colorpicker/dist/css/bootstrap-colorpicker.min.css]
[adminlte.io/themes/AdminLTE/plugins/timepicker/bootstrap-timepicker.min.css]
[adminlte.io/themes/AdminLTE/bower_components/select2/dist/css/select2.min.css]
[adminlte.io/themes/AdminLTE/bower_components/select2/dist/js/select2.full.min.js]
[adminlte.io/themes/AdminLTE/plugins/input-mask/jquery.inputmask.js]
[adminlte.io/themes/AdminLTE/plugins/input-mask/jquery.inputmask.date.extensions.js]
[adminlte.io/themes/AdminLTE/plugins/input-mask/jquery.inputmask.extensions.js]
[adminlte.io/themes/AdminLTE/bower_components/bootstrap-colorpicker/dist/js/bootstrap-colorpicker.min.js]
[adminlte.io/themes/AdminLTE/plugins/timepicker/bootstrap-timepicker.min.js]
[adminlte.io/themes/AdminLTE/pages/forms/advanced.html]
[adminlte.io/themes/AdminLTE/plugins/iCheck/icheck.min.js]
[adminlte.io/themes/AdminLTE/pages/forms/editor1]
[adminlte.io/themes/AdminLTE/pages/forms/editors.html]
[adminlte.io/themes/AdminLTE/pages/tables/simple.html]
[adminlte.io/themes/AdminLTE/bower_components/ckeditor/ckeditor.js]
[adminlte.io/themes/AdminLTE/bower_components/datatables.net-bs/css/dataTables.bootstrap.min.css]
[adminlte.io/themes/AdminLTE/bower_components/datatables.net/js/jquery.dataTables.min.js]
[adminlte.io/themes/AdminLTE/pages/tables/data.html]
[adminlte.io/themes/AdminLTE/bower_components/datatables.net-bs/js/dataTables.bootstrap.min.js]
[adminlte.io/themes/AdminLTE/bower_components/fullcalendar/dist/fullcalendar.min.css]
[adminlte.io/themes/AdminLTE/bower_components/fullcalendar/dist/fullcalendar.print.min.css]
[adminlte.io/themes/AdminLTE/bower_components/moment/moment.js]
[adminlte.io/themes/AdminLTE/pages/calendar.html]
[adminlte.io/themes/AdminLTE/bower_components/fullcalendar/dist/fullcalendar.min.js]
[adminlte.io/themes/AdminLTE/plugins/iCheck/flat/blue.css]
[adminlte.io/themes/AdminLTE/pages/mailbox/compose.html]
[adminlte.io/themes/AdminLTE/pages/mailbox/mailbox.html]
[adminlte.io/themes/AdminLTE/pages/mailbox/read-mail.html]
[adminlte.io/themes/AdminLTE/dist/img/credit/visa.png]
[adminlte.io/themes/AdminLTE/dist/img/credit/mastercard.png]
[adminlte.io/themes/AdminLTE/dist/img/credit/american-express.png]
[adminlte.io/themes/AdminLTE/dist/img/credit/paypal2.png]
[adminlte.io/themes/AdminLTE/pages/examples/invoice.html]
[adminlte.io/themes/AdminLTE/pages/examples/invoice-print.html]
[adminlte.io/themes/AdminLTE/dist/img/photo3.jpg]
[adminlte.io/themes/AdminLTE/dist/img/photo4.jpg]
[adminlte.io/themes/AdminLTE/pages/examples/profile.html]
[adminlte.io/themes/AdminLTE/pages/examples/login.html]
[adminlte.io/themes/AdminLTE/pages/examples/register.html]
[adminlte.io/themes/AdminLTE/pages/examples/lockscreen.html]
[adminlte.io/themes/AdminLTE/pages/examples/404.html]
[adminlte.io/themes/AdminLTE/pages/examples/500.html]
[adminlte.io/themes/AdminLTE/pages/examples/blank.html]
[adminlte.io/themes/AdminLTE/plugins/iCheck/square/blue.css]
[adminlte.io/themes/AdminLTE/plugins/pace/pace.min.css]
[adminlte.io/themes/AdminLTE/pages/examples/pace.html]
[adminlte.io/bower_components/rrssb/css/rrssb.css]
[adminlte.io/uploads/images/blog/05/086-Clean-UI-Dashboard-Alpha-cleanuitemplate.com_-1024x562.html]
[adminlte.io/css/theme7e1e.css]
[maxcdn.bootstrapcdn.com/font-awesome/4.4.0/css/font-awesome.min.css]
[adminlte.io/themes/AdminLTE/bower_components/font-awesome/fonts/fontawesome-webfont3e6e.svg]
[adminlte.io/themes/AdminLTE/bower_components/Ionicons/fonts/ionicons28b5.svg]
[adminlte.io/themes/AdminLTE/dist/css/skins/skin-blue.min.css]
[adminlte.io/themes/AdminLTE/bower_components/PACE/pace.min.js]
[colorawesome.com/wp-content/uploads/2019/05/FireShot-Capture-156-John-Gold-Bootstrap-Portfolio-Template-johngold.varofthemes.com_.png]
[colorawesome.com/wp-content/uploads/2019/05/FireShot-Capture-157-Joe-Black-Portfolio-Template-joeblack.varofthemes.com_.png]
[colorawesome.com/wp-content/uploads/2019/05/FireShot-Capture-158-P.folio-HTML5-Portfolio-Template-www.ecologytheme.com_.png]
[colorawesome.com/wp-content/uploads/2019/05/FireShot-Capture-159-Vcard-Image-Version-Radio-ndesaintheme.com_.png]
[colorawesome.com/wp-content/uploads/2019/05/FireShot-Capture-160-Cyclone-Bootstrap-Portfolio-Responsive-Template-cyclonethemes.com_.png]
[colorawesome.com/wp-content/uploads/2019/05/FireShot-Capture-161-Büro-Minimalist-HTML5-Premium-Portfolio-Template-for-Studios-Agen_-heythemers.com_.png]
[colorawesome.com/wp-content/uploads/2019/05/FireShot-Capture-162-AVOIR-Creative-HTML-Template-andrewch.eu_.png]
[colorawesome.com/wp-content/uploads/2019/05/FireShot-Capture-163-Kerri-Responsive-Bootstrap-4-Personal-Template-srbthemes.com_.png]
[colorawesome.com/wp-content/uploads/2019/05/FireShot-Capture-164-Portfolio-Template-www.bestdesignstudio.in_.png]
[colorawesome.com/wp-content/uploads/2019/05/FireShot-Capture-165-Breed-Portfolio-Home-colorlib.com_.png]
[colorawesome.com/wp-content/uploads/2019/05/FireShot-Capture-167-02_fraiche_layout.png-1319×4968-s3.envato.com_.png]
[colorawesome.com/wp-content/uploads/2019/05/FireShot-Capture-168-Legend-html.dualtheme.com_.png]
[colorawesome.com/wp-content/uploads/2019/05/FireShot-Capture-169-Nour-Personal-Portfolio-HTML-Template-nour-theme.netlify.com_.png]
[colorawesome.com/wp-content/uploads/2019/05/FireShot-Capture-170-Lestard-Personal-Portfolio-Template-tamzidhossain.info_.png]
[colorawesome.com/wp-content/uploads/2019/05/FireShot-Capture-172-02-Work-01.jpg-1920×3780-s3.envato.com_.png]
[colorawesome.com/wp-content/uploads/2019/05/FireShot-Capture-173-Alamin-alamin-portfolio.netlify.com_.png]
[colorawesome.com/wp-content/uploads/2019/05/FireShot-Capture-174-Tofa-Personal-Portfolio-Template-basictheme.net_.png]
[colorawesome.com/wp-content/uploads/2019/05/FireShot-Capture-175-Dipper-Minimal-Portfolio-Template-bdevs.net_.png]
[colorawesome.com/wp-content/uploads/2019/05/FireShot-Capture-176-Satner-Portfolio-colorlib.com_.png]
[colorawesome.com/wp-content/uploads/2019/05/FireShot-Capture-177-Amplify-—-Website-by-Colorlib-colorlib.com_.png]
[adminlte.io/blog/bootstrap-portfolio-templates.html]
[adminlte.io/uploads/images/2017-themes/new_age.png]
[adminlte.io/uploads/images/2017-themes/shapely.png]
[adminlte.io/uploads/images/2017-themes/material-kit.png]
[adminlte.io/uploads/images/2017-themes/himu.png]
[adminlte.io/uploads/images/2017-themes/creative-start.png]
[adminlte.io/uploads/images/2017-themes/timer.png]
[adminlte.io/uploads/images/2017-themes/maxima.png]
[adminlte.io/uploads/images/2017-themes/agency.png]
[adminlte.io/uploads/images/2017-themes/avana.png]
[adminlte.io/uploads/images/2017-themes/vira.png]
[themequarry.com/storage/images/approved/ASFEDA83_v1.0.0_57ffe32301a33.189.delayed]
[adminlte.io/blog/free-responsive-templates-for-2017.html]
[adminlte.io/blog/adminlte-v2.html]
[adminlte.io/uploads/images/free_templates/creative-tim-material-kit-landing.png]
[adminlte.io/uploads/images/free_templates/creatim-tim-material-login.png]
[adminlte.io/uploads/images/free_templates/creative-tim-material-profile.png]
[adminlte.io/uploads/images/free_templates/creative-time-opt_mkp_thumbnail.jpg]
[adminlte.io/uploads/images/free_templates/creative-tim-opt_mdp_angular_thumbnail.jpg]
[adminlte.io/blog/free-beautiful-bootstrap-4-ui-elements.html]
[adminlte.io/blog2679.html]
[adminlte.io/uploads/images/themequarry/ThemeQuarryStatsDashboard.png]
[adminlte.io/uploads/images/themequarry/ThemeQuarryMarketplaceStatistics.png]
[adminlte.io/uploads/images/themequarry/ThemeQuarryAccountPage.png]
[adminlte.io/uploads/images/themequarry/ThemeQuarryInvoice.png]
[adminlte.io/uploads/images/themequarry/paypal.png]
[adminlte.io/uploads/images/themequarry/paypalMobile.png]
[adminlte.io/blog/themequarry-our-new-marketplace-is-live.html]
[adminlte.io/uploads/images/adminlte-custom-colors.png]
[adminlte.io/uploads/images/adminlte-custom-sidebar-width.png]
[adminlte.io/uploads/images/adminlte-custom-skin-1.png]
[adminlte.io/uploads/images/adminlte-custom-skin-2.png]
[adminlte.io/uploads/images/adminlte-custom-skin-3.png]
[adminlte.io/uploads/images/adminlte-custom-skin-4.png]
[adminlte.io/blog/customizing-and-downsizing-adminlte-to-match-your-businsess.html]
[adminlte.io/uploads/images/gentelella.png]
[d85wutc1n854v.cloudfront.net/live/products/600x375/WB019K3P84ec9.png]
[d85wutc1n854v.cloudfront.net/live/products/600x375/WB02R14857caf.png]
[adminlte.io/blog/new-and-free-bootstrap-admin-template-2016.html]
[adminlte.io/uploads/images/sidebar-mini-preview.png]
[adminlte.io/uploads/images/sidebar-mini-with-fixed-layout.gif]
[adminlte.io/uploads/images/adminlte2.1-control-sidebar.png]
[adminlte.io/uploads/images/adminlte2.1-skins-preview.png]
[adminlte.io/blog/features-of-adminlte-2.html]
[adminlte.io/themes/AdminLTE/bower_components/morris.js/morris.css]
[adminlte.io/themes/AdminLTE/bower_components/bootstrap-datepicker/dist/css/bootstrap-datepicker.min.css]
[adminlte.io/themes/AdminLTE/bower_components/bootstrap-daterangepicker/daterangepicker.css]
[adminlte.io/themes/AdminLTE/plugins/bootstrap-wysihtml5/bootstrap3-wysihtml5.min.css]
[adminlte.io/themes/AdminLTE/plugins/bootstrap-slider/slider.css]
[adminlte.io/themes/AdminLTE/plugins/iCheck/minimal/_all.css]
[adminlte.io/themes/AdminLTE/plugins/iCheck/square/_all.css]
[adminlte.io/themes/AdminLTE/plugins/iCheck/flat/_all.css]
[adminlte.io/themes/AdminLTE/plugins/iCheck/line/_all.css]
[adminlte.io/themes/AdminLTE/plugins/iCheck/polaris/polaris.css]
[adminlte.io/themes/AdminLTE/plugins/iCheck/all.css]
[adminlte.io/themes/AdminLTE/bower_components/bootstrap-colorpicker/dist/css/bootstrap-colorpicker.min.css]
[adminlte.io/themes/AdminLTE/plugins/timepicker/bootstrap-timepicker.min.css]
[adminlte.io/themes/AdminLTE/bower_components/select2/dist/css/select2.min.css]
[adminlte.io/themes/AdminLTE/pages/forms/editor1.html]
[adminlte.io/themes/AdminLTE/bower_components/datatables.net-bs/css/dataTables.bootstrap.min.css]
[adminlte.io/themes/AdminLTE/bower_components/fullcalendar/dist/fullcalendar.min.css]
[adminlte.io/themes/AdminLTE/bower_components/fullcalendar/dist/fullcalendar.print.min.css]
[adminlte.io/themes/AdminLTE/plugins/iCheck/futurico/futurico.css]
[adminlte.io/themes/AdminLTE/plugins/iCheck/flat/blue.png]
[adminlte.io/themes/AdminLTE/plugins/iCheck/flat/blue@2x.png]
[adminlte.io/themes/AdminLTE/plugins/iCheck/flat/blue.css]
[adminlte.io/themes/AdminLTE/pages/mailbox/compose.html]
[adminlte.io/themes/AdminLTE/pages/mailbox/read-mail.html]
[adminlte.io/themes/AdminLTE/pages/examples/invoice-print.html]
[adminlte.io/themes/AdminLTE/plugins/iCheck/square/blue.png]
[adminlte.io/themes/AdminLTE/plugins/iCheck/square/blue@2x.png]
[adminlte.io/themes/AdminLTE/plugins/iCheck/square/blue.css]
[adminlte.io/themes/AdminLTE/plugins/pace/pace.min.css]
[themequarry.com/storage/images/approved/ASFEDA83_v1.0.0_57ffe32301a33.html]
[adminlte.io/themes/AdminLTE/plugins/iCheck/minimal/red.png]
[adminlte.io/themes/AdminLTE/plugins/iCheck/minimal/red@2x.png]
[adminlte.io/themes/AdminLTE/plugins/iCheck/minimal/green.png]
[adminlte.io/themes/AdminLTE/plugins/iCheck/minimal/green@2x.png]
[adminlte.io/themes/AdminLTE/plugins/iCheck/minimal/blue.png]
[adminlte.io/themes/AdminLTE/plugins/iCheck/minimal/blue@2x.png]
[adminlte.io/themes/AdminLTE/plugins/iCheck/minimal/aero.png]
[adminlte.io/themes/AdminLTE/plugins/iCheck/minimal/aero@2x.png]
[adminlte.io/themes/AdminLTE/plugins/iCheck/minimal/grey.png]
[adminlte.io/themes/AdminLTE/plugins/iCheck/minimal/grey@2x.png]
[adminlte.io/themes/AdminLTE/plugins/iCheck/minimal/orange.png]
[adminlte.io/themes/AdminLTE/plugins/iCheck/minimal/orange@2x.png]
[adminlte.io/themes/AdminLTE/plugins/iCheck/minimal/yellow.png]
[adminlte.io/themes/AdminLTE/plugins/iCheck/minimal/yellow@2x.png]
[adminlte.io/themes/AdminLTE/plugins/iCheck/minimal/pink.png]
[adminlte.io/themes/AdminLTE/plugins/iCheck/minimal/pink@2x.png]
[adminlte.io/themes/AdminLTE/plugins/iCheck/minimal/purple.png]
[adminlte.io/themes/AdminLTE/plugins/iCheck/minimal/purple@2x.png]
[adminlte.io/themes/AdminLTE/plugins/iCheck/minimal/_all.css]
[adminlte.io/themes/AdminLTE/plugins/iCheck/square/square.png]
[adminlte.io/themes/AdminLTE/plugins/iCheck/square/square@2x.png]
[adminlte.io/themes/AdminLTE/plugins/iCheck/square/red.png]
[adminlte.io/themes/AdminLTE/plugins/iCheck/square/red@2x.png]
[adminlte.io/themes/AdminLTE/plugins/iCheck/square/green.png]
[adminlte.io/themes/AdminLTE/plugins/iCheck/square/green@2x.png]
[adminlte.io/themes/AdminLTE/plugins/iCheck/square/aero.png]
[adminlte.io/themes/AdminLTE/plugins/iCheck/square/aero@2x.png]
[adminlte.io/themes/AdminLTE/plugins/iCheck/square/grey.png]
[adminlte.io/themes/AdminLTE/plugins/iCheck/square/grey@2x.png]
[adminlte.io/themes/AdminLTE/plugins/iCheck/square/orange.png]
[adminlte.io/themes/AdminLTE/plugins/iCheck/square/orange@2x.png]
[adminlte.io/themes/AdminLTE/plugins/iCheck/square/yellow.png]
[adminlte.io/themes/AdminLTE/plugins/iCheck/square/yellow@2x.png]
[adminlte.io/themes/AdminLTE/plugins/iCheck/square/pink.png]
[adminlte.io/themes/AdminLTE/plugins/iCheck/square/pink@2x.png]
[adminlte.io/themes/AdminLTE/plugins/iCheck/square/purple.png]
[adminlte.io/themes/AdminLTE/plugins/iCheck/square/purple@2x.png]
[adminlte.io/themes/AdminLTE/plugins/iCheck/square/_all.css]
[adminlte.io/themes/AdminLTE/plugins/iCheck/flat/flat.png]
[adminlte.io/themes/AdminLTE/plugins/iCheck/flat/flat@2x.png]
[adminlte.io/themes/AdminLTE/plugins/iCheck/flat/red.png]
[adminlte.io/themes/AdminLTE/plugins/iCheck/flat/red@2x.png]
[adminlte.io/themes/AdminLTE/plugins/iCheck/flat/green.png]
[adminlte.io/themes/AdminLTE/plugins/iCheck/flat/green@2x.png]
[adminlte.io/themes/AdminLTE/plugins/iCheck/flat/aero.png]
[adminlte.io/themes/AdminLTE/plugins/iCheck/flat/aero@2x.png]
[adminlte.io/themes/AdminLTE/plugins/iCheck/flat/grey.png]
[adminlte.io/themes/AdminLTE/plugins/iCheck/flat/grey@2x.png]
[adminlte.io/themes/AdminLTE/plugins/iCheck/flat/orange.png]
[adminlte.io/themes/AdminLTE/plugins/iCheck/flat/orange@2x.png]
[adminlte.io/themes/AdminLTE/plugins/iCheck/flat/yellow.png]
[adminlte.io/themes/AdminLTE/plugins/iCheck/flat/yellow@2x.png]
[adminlte.io/themes/AdminLTE/plugins/iCheck/flat/pink.png]
[adminlte.io/themes/AdminLTE/plugins/iCheck/flat/pink@2x.png]
[adminlte.io/themes/AdminLTE/plugins/iCheck/flat/purple.png]
[adminlte.io/themes/AdminLTE/plugins/iCheck/flat/purple@2x.png]
[adminlte.io/themes/AdminLTE/plugins/iCheck/flat/_all.css]
[adminlte.io/themes/AdminLTE/plugins/iCheck/line/line.png]
[adminlte.io/themes/AdminLTE/plugins/iCheck/line/line@2x.png]
[adminlte.io/themes/AdminLTE/plugins/iCheck/line/_all.css]
[adminlte.io/themes/AdminLTE/plugins/iCheck/polaris/polaris.png]
[adminlte.io/themes/AdminLTE/plugins/iCheck/polaris/polaris@2x.png]
[adminlte.io/themes/AdminLTE/plugins/iCheck/polaris/polaris.css]
[adminlte.io/themes/AdminLTE/plugins/iCheck/futurico/futurico.png]
[adminlte.io/themes/AdminLTE/plugins/iCheck/futurico/futurico@2x.png]
[adminlte.io/themes/AdminLTE/plugins/iCheck/futurico/futurico.css]
